<?xml version="1.0" encoding="UTF-8"?>
<testng-results skipped="0" failed="0" total="0" passed="0">
  <reporter-output>
  </reporter-output>
  <suite name="Default suite" duration-ms="34969" started-at="2019-05-19T20:47:40Z" finished-at="2019-05-19T20:48:14Z">
    <groups>
    </groups>
    <test name="Default test" duration-ms="34969" started-at="2019-05-19T20:47:40Z" finished-at="2019-05-19T20:48:14Z">
      <class name="com.brabbler.mobiletesting.DropDownSelect">
        <test-method status="PASS" signature="select01()[pri:0, instance:com.brabbler.mobiletesting.DropDownSelect@3e3047e6]" name="select01" is-config="true" duration-ms="34958" started-at="2019-05-20T02:17:40Z" finished-at="2019-05-20T02:18:14Z">
          <reporter-output>
          </reporter-output>
        </test-method> <!-- select01 -->
      </class> <!-- com.brabbler.mobiletesting.DropDownSelect -->
    </test> <!-- Default test -->
  </suite> <!-- Default suite -->
</testng-results>
